<?xml version="1.0" encoding="UTF-8"?>
<!-- Generated by org.testng.reporters.JUnitXMLReporter -->
<testsuite hostname="DESKTOP-TU9VSIP" ignored="0" name="Different testing Feature Test" tests="13" failures="0" timestamp="14 Mar 2020 04:58:52 GMT" time="63.33" errors="0">
  <testcase name="verifyHomepageTitle" time="0.955" classname="com.test.Guru"/>
  <testcase name="sum" time="0.004" classname="com.test.invocationTestCount"/>
  <testcase name="sum" time="0.002" classname="com.test.invocationTestCount"/>
  <testcase name="sum" time="0.001" classname="com.test.invocationTestCount"/>
  <testcase name="sum" time="0.001" classname="com.test.invocationTestCount"/>
  <testcase name="sum" time="0.001" classname="com.test.invocationTestCount"/>
  <testcase name="sum" time="0.001" classname="com.test.invocationTestCount"/>
  <testcase name="sum" time="0.001" classname="com.test.invocationTestCount"/>
  <testcase name="sum" time="0.001" classname="com.test.invocationTestCount"/>
  <testcase name="sum" time="0.013" classname="com.test.invocationTestCount"/>
  <testcase name="sum" time="0.002" classname="com.test.invocationTestCount"/>
  <testcase name="googletiletest" time="0.001" classname="com.test.TestNgBasics"/>
  <testcase name="search" time="0.003" classname="com.test.TestNgBasics"/>
</testsuite> <!-- Different testing Feature Test -->
