<?xml version="1.0" encoding="UTF-8"?>
<!-- Generated by org.testng.reporters.JUnitXMLReporter -->
<testsuite hostname="DESKTOP-TU9VSIP" ignored="0" name="prameter testing" tests="14" failures="0" timestamp="14 Mar 2020 07:35:23 GMT" time="40.127" errors="0">
  <testcase name="yahoologinTest" time="20.953" classname="com.test.ParameterizationTest"/>
  <testcase name="verifyHomepageTitle" time="1.162" classname="com.test.Guru"/>
  <testcase name="sum" time="0.002" classname="com.test.invocationTestCount"/>
  <testcase name="sum" time="0.001" classname="com.test.invocationTestCount"/>
  <testcase name="sum" time="0.002" classname="com.test.invocationTestCount"/>
  <testcase name="sum" time="0.001" classname="com.test.invocationTestCount"/>
  <testcase name="sum" time="0.002" classname="com.test.invocationTestCount"/>
  <testcase name="sum" time="0.002" classname="com.test.invocationTestCount"/>
  <testcase name="sum" time="0.002" classname="com.test.invocationTestCount"/>
  <testcase name="sum" time="0.004" classname="com.test.invocationTestCount"/>
  <testcase name="sum" time="0.013" classname="com.test.invocationTestCount"/>
  <testcase name="sum" time="0.002" classname="com.test.invocationTestCount"/>
  <testcase name="googletiletest" time="0.005" classname="com.test.TestNgBasics"/>
  <testcase name="search" time="0.001" classname="com.test.TestNgBasics"/>
</testsuite> <!-- prameter testing -->
